\BOOKMARK [0][-]{chapter.1}{\376\377\000I\000n\000t\000r\000o\000d\000u\000c\000t\000i\000o\000n}{}% 1
\BOOKMARK [0][-]{chapter.2}{\376\377\000A\000D\000V\000E\000N\000T\000U\000R\000E\000R\000S}{}% 2
\BOOKMARK [1][-]{section.2.1}{\376\377\000A\000T\000T\000R\000I\000B\000U\000T\000E\000S}{chapter.2}% 3
\BOOKMARK [2][-]{subsection.2.1.1}{\376\377\000S\000T\000R\000E\000N\000G\000T\000H}{section.2.1}% 4
\BOOKMARK [2][-]{subsection.2.1.2}{\376\377\000S\000T\000A\000M\000I\000N\000A}{section.2.1}% 5
\BOOKMARK [2][-]{subsection.2.1.3}{\376\377\000A\000G\000I\000L\000I\000T\000Y}{section.2.1}% 6
\BOOKMARK [2][-]{subsection.2.1.4}{\376\377\000I\000N\000T\000E\000L\000L\000I\000G\000E\000N\000C\000E}{section.2.1}% 7
\BOOKMARK [2][-]{subsection.2.1.5}{\376\377\000W\000I\000S\000D\000O\000M}{section.2.1}% 8
\BOOKMARK [1][-]{section.2.2}{\376\377\000E\000Q\000U\000I\000P\000M\000E\000N\000T}{chapter.2}% 9
\BOOKMARK [2][-]{subsection.2.2.1}{\376\377\000W\000E\000A\000P\000O\000N}{section.2.2}% 10
\BOOKMARK [2][-]{subsection.2.2.2}{\376\377\000A\000R\000M\000O\000R}{section.2.2}% 11
\BOOKMARK [2][-]{subsection.2.2.3}{\376\377\000S\000T\000E\000E\000D}{section.2.2}% 12
\BOOKMARK [2][-]{subsection.2.2.4}{\376\377\000S\000P\000E\000C\000I\000A\000L}{section.2.2}% 13
\BOOKMARK [0][-]{chapter.3}{\376\377\000R\000E\000S\000O\000U\000R\000C\000E\000S}{}% 14
\BOOKMARK [1][-]{section.3.1}{\376\377\000F\000O\000O\000D}{chapter.3}% 15
\BOOKMARK [1][-]{section.3.2}{\376\377\000L\000U\000M\000B\000E\000R}{chapter.3}% 16
\BOOKMARK [1][-]{section.3.3}{\376\377\000C\000O\000A\000L}{chapter.3}% 17
\BOOKMARK [1][-]{section.3.4}{\376\377\000C\000O\000P\000P\000E\000R}{chapter.3}% 18
\BOOKMARK [1][-]{section.3.5}{\376\377\000S\000I\000L\000V\000E\000R}{chapter.3}% 19
\BOOKMARK [1][-]{section.3.6}{\376\377\000G\000O\000L\000D}{chapter.3}% 20
\BOOKMARK [1][-]{section.3.7}{\376\377\000P\000L\000A\000T\000I\000N\000U\000M}{chapter.3}% 21
\BOOKMARK [1][-]{section.3.8}{\376\377\000I\000R\000O\000N}{chapter.3}% 22
\BOOKMARK [1][-]{section.3.9}{\376\377\000L\000E\000A\000T\000H\000E\000R}{chapter.3}% 23
\BOOKMARK [1][-]{section.3.10}{\376\377\000C\000L\000O\000T\000H}{chapter.3}% 24
\BOOKMARK [0][-]{chapter.4}{\376\377\000I\000T\000E\000M\000S}{}% 25
\BOOKMARK [0][-]{chapter.5}{\376\377\000G\000A\000R\000R\000I\000S\000O\000N}{}% 26
\BOOKMARK [1][-]{section.5.1}{\376\377\000B\000a\000s\000e\000/\000S\000t\000a\000r\000t\000i\000n\000g\000\040\000G\000A\000R\000R\000I\000S\000O\000N}{chapter.5}% 27
\BOOKMARK [1][-]{section.5.2}{\376\377\000B\000U\000I\000L\000D\000I\000N\000G\000S}{chapter.5}% 28
\BOOKMARK [2][-]{subsection.5.2.1}{\376\377\000M\000I\000S\000S\000I\000O\000N\000\040\000H\000A\000L\000L}{section.5.2}% 29
\BOOKMARK [2][-]{subsection.5.2.2}{\376\377\000L\000U\000M\000B\000E\000R\000\040\000M\000I\000L\000L}{section.5.2}% 30
\BOOKMARK [2][-]{subsection.5.2.3}{\376\377\000S\000T\000O\000R\000E\000H\000O\000U\000S\000E}{section.5.2}% 31
\BOOKMARK [2][-]{subsection.5.2.4}{\376\377\000M\000I\000N\000E}{section.5.2}% 32
\BOOKMARK [2][-]{subsection.5.2.5}{\376\377\000F\000A\000R\000M}{section.5.2}% 33
\BOOKMARK [2][-]{subsection.5.2.6}{\376\377\000G\000A\000R\000D\000E\000N}{section.5.2}% 34
\BOOKMARK [2][-]{subsection.5.2.7}{\376\377\000A\000R\000C\000A\000N\000E\000\040\000T\000O\000W\000E\000R}{section.5.2}% 35
\BOOKMARK [2][-]{subsection.5.2.8}{\376\377\000B\000L\000A\000C\000K\000S\000M\000I\000T\000H}{section.5.2}% 36
\BOOKMARK [2][-]{subsection.5.2.9}{\376\377\000T\000R\000A\000I\000N\000I\000N\000G\000\040\000G\000R\000O\000U\000N\000D\000S}{section.5.2}% 37
\BOOKMARK [2][-]{subsection.5.2.10}{\376\377\000T\000A\000V\000E\000R\000N}{section.5.2}% 38
\BOOKMARK [2][-]{subsection.5.2.11}{\376\377\000T\000E\000M\000P\000L\000E}{section.5.2}% 39
\BOOKMARK [2][-]{subsection.5.2.12}{\376\377\000H\000U\000N\000T\000I\000N\000G\000\040\000L\000O\000D\000G\000E}{section.5.2}% 40
\BOOKMARK [2][-]{subsection.5.2.13}{\376\377\000W\000O\000R\000K\000S\000H\000O\000P}{section.5.2}% 41
\BOOKMARK [2][-]{subsection.5.2.14}{\376\377\000S\000T\000A\000B\000L\000E\000S}{section.5.2}% 42
\BOOKMARK [2][-]{subsection.5.2.15}{\376\377\000D\000O\000C\000K\000S}{section.5.2}% 43
\BOOKMARK [0][-]{chapter.6}{\376\377\000M\000I\000S\000S\000I\000O\000N\000S}{}% 44
\BOOKMARK [1][-]{section.6.1}{\376\377\000B\000A\000T\000T\000L\000E\000\040\000M\000I\000S\000S\000I\000O\000N\000S}{chapter.6}% 45
\BOOKMARK [1][-]{section.6.2}{\376\377\000R\000E\000S\000C\000U\000E\000\040\000M\000I\000S\000S\000I\000O\000N\000S}{chapter.6}% 46
\BOOKMARK [1][-]{section.6.3}{\376\377\000E\000S\000C\000O\000R\000T\000\040\000M\000I\000S\000S\000I\000O\000N\000S}{chapter.6}% 47
\BOOKMARK [1][-]{section.6.4}{\376\377\000H\000U\000N\000T\000I\000N\000G\000\040\000M\000I\000S\000S\000I\000O\000N\000S}{chapter.6}% 48
\BOOKMARK [1][-]{section.6.5}{\376\377\000E\000X\000P\000L\000O\000R\000A\000T\000I\000O\000N\000\040\000M\000I\000S\000S\000I\000O\000N\000S}{chapter.6}% 49
\BOOKMARK [1][-]{section.6.6}{\376\377\000M\000I\000N\000I\000N\000G\000\040\000M\000I\000S\000S\000I\000O\000N\000S}{chapter.6}% 50
\BOOKMARK [1][-]{section.6.7}{\376\377\000S\000U\000R\000V\000I\000V\000A\000L\000\040\000M\000I\000S\000S\000I\000O\000N\000S}{chapter.6}% 51
\BOOKMARK [1][-]{section.6.8}{\376\377\000S\000T\000E\000A\000L\000T\000H\000\040\000M\000I\000S\000S\000I\000O\000N\000S}{chapter.6}% 52
\BOOKMARK [1][-]{section.6.9}{\376\377\000D\000E\000L\000I\000V\000E\000R\000Y\000\040\000M\000I\000S\000S\000I\000O\000N\000S}{chapter.6}% 53
\BOOKMARK [1][-]{section.6.10}{\376\377\000S\000A\000B\000O\000T\000A\000G\000E\000\040\000M\000I\000S\000S\000I\000O\000N\000S}{chapter.6}% 54
\BOOKMARK [1][-]{section.6.11}{\376\377\000T\000R\000A\000C\000K\000I\000N\000G\000\040\000M\000I\000S\000S\000I\000O\000N\000S}{chapter.6}% 55
\BOOKMARK [1][-]{section.6.12}{\376\377\000R\000E\000S\000E\000A\000R\000C\000H\000\040\000M\000I\000S\000S\000I\000O\000N\000S}{chapter.6}% 56
\BOOKMARK [1][-]{section.6.13}{\376\377\000S\000T\000R\000A\000T\000E\000G\000Y\000\040\000M\000I\000S\000S\000I\000O\000N\000S}{chapter.6}% 57
\BOOKMARK [1][-]{section.6.14}{\376\377\000T\000E\000C\000H\000N\000I\000C\000A\000L\000\040\000M\000I\000S\000S\000I\000O\000N\000S}{chapter.6}% 58
\BOOKMARK [1][-]{section.6.15}{\376\377\000D\000I\000P\000L\000O\000M\000A\000T\000I\000C\000\040\000M\000I\000S\000S\000I\000O\000N\000S}{chapter.6}% 59
\BOOKMARK [1][-]{section.6.16}{\376\377\000S\000P\000I\000R\000I\000T\000U\000A\000L\000\040\000M\000I\000S\000S\000I\000O\000N\000S}{chapter.6}% 60
\BOOKMARK [1][-]{section.6.17}{\376\377\000S\000U\000P\000P\000O\000R\000T\000\040\000M\000I\000S\000S\000I\000O\000N\000S}{chapter.6}% 61
\BOOKMARK [0][-]{chapter.7}{\376\377\000r\000e\000s\000o\000u\000r\000c\000e\000s}{}% 62
\BOOKMARK [0][-]{chapter*.5}{\376\377\000R\000e\000f\000e\000r\000e\000n\000c\000e\000s}{}% 63
